[05/Dec/2018 10:27:14] "GET / HTTP/1.1" 200 15799
[05/Dec/2018 10:27:14] "GET /static/css/w3.css HTTP/1.1" 200 23491
[05/Dec/2018 10:27:14] "GET /static/material-design-icons-3.0.1/iconfont/material-icons.css HTTP/1.1" 200 970
[05/Dec/2018 10:27:14] "GET /static/css/trains.css HTTP/1.1" 200 1718
[05/Dec/2018 10:27:14] "GET /static/css/bootstrap.min.css HTTP/1.1" 200 140936
[05/Dec/2018 10:27:14] "GET /static/js/jquery-3.3.1.min.js HTTP/1.1" 200 86927
[05/Dec/2018 10:27:14] "GET /static/css/bootstrap3.min.css HTTP/1.1" 200 121200
[05/Dec/2018 10:27:14] "GET /static/js/cursor.js HTTP/1.1" 200 3416
[05/Dec/2018 10:27:14] "GET /static/js/colorpicker/jquery.colorpicker.js HTTP/1.1" 200 14441
[05/Dec/2018 10:27:15] "GET /static/js/jquery.knob.js HTTP/1.1" 200 26252
[05/Dec/2018 10:27:15] "GET /static/js/buttons/buttonHandler.js HTTP/1.1" 200 1368
[05/Dec/2018 10:27:15] "GET /static/js/popper.min.js HTTP/1.1" 200 20337
[05/Dec/2018 10:27:15] "GET /static/js/bootstrap.min.js HTTP/1.1" 200 51039
[05/Dec/2018 10:27:15] "POST /commands/ HTTP/1.1" 200 2
[05/Dec/2018 10:27:15] "GET /media/45986.jpg HTTP/1.1" 200 109074
[05/Dec/2018 10:27:15] "GET /media/s-l500.png HTTP/1.1" 200 242048
Not Found: /favicon.ico
[05/Dec/2018 10:27:15] "GET /favicon.ico HTTP/1.1" 404 2809
Invalid HTTP_HOST header: 'pitrain.com:8080'. You may need to add 'pitrain.com' to ALLOWED_HOSTS.
Bad Request: /
[05/Dec/2018 10:31:14] "GET / HTTP/1.1" 400 58818
Invalid HTTP_HOST header: 'pitrain.com:8080'. You may need to add 'pitrain.com' to ALLOWED_HOSTS.
Bad Request: /favicon.ico
[05/Dec/2018 10:31:15] "GET /favicon.ico HTTP/1.1" 400 58898
Performing system checks...

System check identified no issues (0 silenced).
December 05, 2018 - 10:27:07
Django version 2.1.1, using settings 'mysite.settings'
Starting development server at http://0:8080/
Quit the server with CONTROL-C.
Lighting GOT This Hex value;#_ffffff
