[28/Sep/2018 14:41:30] "GET / HTTP/1.1" 200 16288
[28/Sep/2018 14:41:30] "GET /static/js/colorpicker/jquery.colorpicker.js HTTP/1.1" 304 0
[28/Sep/2018 14:41:31] "POST /commands/ HTTP/1.1" 200 2
[28/Sep/2018 14:41:33] "POST /commands/ HTTP/1.1" 200 2
[28/Sep/2018 14:41:35] "POST /commands/ HTTP/1.1" 200 2
[28/Sep/2018 14:41:37] "POST /commands/ HTTP/1.1" 200 2
[28/Sep/2018 14:41:38] "POST /commands/ HTTP/1.1" 200 2
[28/Sep/2018 14:41:39] "POST /commands/ HTTP/1.1" 200 2
[28/Sep/2018 14:41:40] "POST /commands/ HTTP/1.1" 200 2
[28/Sep/2018 14:41:41] "POST /commands/ HTTP/1.1" 200 2
[28/Sep/2018 14:41:42] "POST /commands/ HTTP/1.1" 200 2
[28/Sep/2018 14:41:43] "POST /commands/ HTTP/1.1" 200 2
[28/Sep/2018 14:41:44] "POST /commands/ HTTP/1.1" 200 2
[28/Sep/2018 14:41:45] "POST /commands/ HTTP/1.1" 200 2
[28/Sep/2018 14:41:46] "POST /commands/ HTTP/1.1" 200 2
[28/Sep/2018 14:41:48] "POST /commands/ HTTP/1.1" 200 2
[28/Sep/2018 14:41:49] "POST /commands/ HTTP/1.1" 200 2
[28/Sep/2018 14:41:49] "POST /commands/ HTTP/1.1" 200 2
[28/Sep/2018 14:44:55] "POST /commands/ HTTP/1.1" 200 2
[28/Sep/2018 14:44:56] "POST /commands/ HTTP/1.1" 200 2
[28/Sep/2018 14:44:57] "POST /commands/ HTTP/1.1" 200 2
[28/Sep/2018 14:44:58] "POST /commands/ HTTP/1.1" 200 2
[28/Sep/2018 14:44:59] "POST /commands/ HTTP/1.1" 200 2
[28/Sep/2018 14:45:01] "POST /commands/ HTTP/1.1" 200 2
[28/Sep/2018 14:45:02] "POST /commands/ HTTP/1.1" 200 2
[28/Sep/2018 14:45:03] "POST /commands/ HTTP/1.1" 200 2
[28/Sep/2018 14:45:04] "POST /commands/ HTTP/1.1" 200 2
[28/Sep/2018 14:45:05] "POST /commands/ HTTP/1.1" 200 2
[28/Sep/2018 14:45:06] "POST /commands/ HTTP/1.1" 200 2
[28/Sep/2018 14:45:10] "POST /commands/ HTTP/1.1" 200 2
[28/Sep/2018 14:45:10] "POST /commands/ HTTP/1.1" 200 2
[28/Sep/2018 14:45:13] "POST /commands/ HTTP/1.1" 200 2
[28/Sep/2018 14:45:14] "POST /commands/ HTTP/1.1" 200 2
[28/Sep/2018 14:45:15] "POST /commands/ HTTP/1.1" 200 2
[28/Sep/2018 14:45:19] "POST /commands/ HTTP/1.1" 200 2
[28/Sep/2018 14:45:19] "POST /commands/ HTTP/1.1" 200 2
[28/Sep/2018 14:45:20] "POST /commands/ HTTP/1.1" 200 2
[28/Sep/2018 14:45:21] "POST /commands/ HTTP/1.1" 200 2
[28/Sep/2018 14:45:23] "POST /commands/ HTTP/1.1" 200 2
[28/Sep/2018 14:45:24] "POST /commands/ HTTP/1.1" 200 2
[28/Sep/2018 14:45:24] "POST /commands/ HTTP/1.1" 200 2
[28/Sep/2018 14:45:25] "POST /commands/ HTTP/1.1" 200 2
[28/Sep/2018 14:46:03] "POST /commands/ HTTP/1.1" 200 2
[28/Sep/2018 14:46:05] "POST /commands/ HTTP/1.1" 200 2
[28/Sep/2018 14:46:06] "POST /commands/ HTTP/1.1" 200 2
[28/Sep/2018 14:46:07] "POST /commands/ HTTP/1.1" 200 2
[28/Sep/2018 14:46:07] "POST /commands/ HTTP/1.1" 200 2
[28/Sep/2018 14:46:08] "POST /commands/ HTTP/1.1" 200 2
[28/Sep/2018 14:46:08] "POST /commands/ HTTP/1.1" 200 2
[28/Sep/2018 14:46:10] "POST /commands/ HTTP/1.1" 200 2
[28/Sep/2018 14:46:10] "POST /commands/ HTTP/1.1" 200 2
[28/Sep/2018 14:46:11] "POST /commands/ HTTP/1.1" 200 2
[28/Sep/2018 14:46:12] "POST /commands/ HTTP/1.1" 200 2
[28/Sep/2018 14:46:13] "POST /commands/ HTTP/1.1" 200 2
[28/Sep/2018 14:46:13] "POST /commands/ HTTP/1.1" 200 2
[28/Sep/2018 14:46:14] "POST /commands/ HTTP/1.1" 200 2
[28/Sep/2018 14:46:14] "POST /commands/ HTTP/1.1" 200 2
[28/Sep/2018 14:46:15] "POST /commands/ HTTP/1.1" 200 2
[28/Sep/2018 14:46:16] "POST /commands/ HTTP/1.1" 200 2
[28/Sep/2018 14:46:16] "POST /commands/ HTTP/1.1" 200 2
[28/Sep/2018 14:46:17] "POST /commands/ HTTP/1.1" 200 2
[28/Sep/2018 14:46:17] "POST /commands/ HTTP/1.1" 200 2
[28/Sep/2018 14:46:18] "POST /commands/ HTTP/1.1" 200 2
[28/Sep/2018 14:46:19] "POST /commands/ HTTP/1.1" 200 2
[28/Sep/2018 14:46:19] "POST /commands/ HTTP/1.1" 200 2
[28/Sep/2018 14:46:20] "POST /commands/ HTTP/1.1" 200 2
[28/Sep/2018 14:46:20] "POST /commands/ HTTP/1.1" 200 2
[28/Sep/2018 14:46:21] "POST /commands/ HTTP/1.1" 200 2
[28/Sep/2018 14:46:22] "POST /commands/ HTTP/1.1" 200 2
[28/Sep/2018 14:46:22] "POST /commands/ HTTP/1.1" 200 2
[28/Sep/2018 14:46:23] "POST /commands/ HTTP/1.1" 200 2
[28/Sep/2018 14:46:24] "POST /commands/ HTTP/1.1" 200 2
[28/Sep/2018 14:46:24] "POST /commands/ HTTP/1.1" 200 2
[28/Sep/2018 14:46:25] "POST /commands/ HTTP/1.1" 200 2
[28/Sep/2018 14:46:25] "POST /commands/ HTTP/1.1" 200 2
[28/Sep/2018 14:46:26] "POST /commands/ HTTP/1.1" 200 2
[28/Sep/2018 14:46:26] "POST /commands/ HTTP/1.1" 200 2
[28/Sep/2018 14:46:29] "POST /commands/ HTTP/1.1" 200 2
[28/Sep/2018 14:46:29] "POST /commands/ HTTP/1.1" 200 2
[28/Sep/2018 14:46:30] "POST /commands/ HTTP/1.1" 200 2
[28/Sep/2018 14:46:31] "POST /commands/ HTTP/1.1" 200 2
[28/Sep/2018 14:46:32] "POST /commands/ HTTP/1.1" 200 2
[28/Sep/2018 14:46:32] "POST /commands/ HTTP/1.1" 200 2
[28/Sep/2018 14:46:33] "POST /commands/ HTTP/1.1" 200 2
[28/Sep/2018 14:46:33] "POST /commands/ HTTP/1.1" 200 2
[28/Sep/2018 14:46:34] "POST /commands/ HTTP/1.1" 200 2
[28/Sep/2018 14:46:35] "POST /commands/ HTTP/1.1" 200 2
[28/Sep/2018 14:46:35] "POST /commands/ HTTP/1.1" 200 2
[28/Sep/2018 14:46:36] "POST /commands/ HTTP/1.1" 200 2
[28/Sep/2018 14:46:39] "POST /commands/ HTTP/1.1" 200 2
[28/Sep/2018 14:46:39] "POST /commands/ HTTP/1.1" 200 2
[28/Sep/2018 14:46:43] "POST /commands/ HTTP/1.1" 200 2
[28/Sep/2018 14:46:45] "POST /commands/ HTTP/1.1" 200 2
[28/Sep/2018 14:46:47] "POST /commands/ HTTP/1.1" 200 2
[28/Sep/2018 14:46:50] "POST /commands/ HTTP/1.1" 200 2
[28/Sep/2018 14:46:51] "POST /commands/ HTTP/1.1" 200 2
[28/Sep/2018 14:51:54] "POST /commands/ HTTP/1.1" 200 2
[28/Sep/2018 14:51:54] "POST /commands/ HTTP/1.1" 200 2
[28/Sep/2018 14:51:55] "POST /commands/ HTTP/1.1" 200 2
[28/Sep/2018 14:51:56] "POST /commands/ HTTP/1.1" 200 2
[28/Sep/2018 14:51:56] "POST /commands/ HTTP/1.1" 200 2
[28/Sep/2018 14:51:57] "POST /commands/ HTTP/1.1" 200 2
[28/Sep/2018 14:51:59] "POST /commands/ HTTP/1.1" 200 2
[28/Sep/2018 14:51:59] "POST /commands/ HTTP/1.1" 200 2
[28/Sep/2018 14:52:00] "POST /commands/ HTTP/1.1" 200 2
[28/Sep/2018 14:52:00] "POST /commands/ HTTP/1.1" 200 2
[28/Sep/2018 14:52:01] "POST /commands/ HTTP/1.1" 200 2
[28/Sep/2018 14:52:02] "POST /commands/ HTTP/1.1" 200 2
[28/Sep/2018 14:52:02] "POST /commands/ HTTP/1.1" 200 2
[28/Sep/2018 14:52:05] "POST /commands/ HTTP/1.1" 200 2
[28/Sep/2018 14:52:07] "POST /commands/ HTTP/1.1" 200 2
[28/Sep/2018 14:52:09] "POST /commands/ HTTP/1.1" 200 2
[28/Sep/2018 14:52:11] "POST /commands/ HTTP/1.1" 200 2
[28/Sep/2018 14:52:11] "POST /commands/ HTTP/1.1" 200 2
[28/Sep/2018 14:52:12] "POST /commands/ HTTP/1.1" 200 2
[28/Sep/2018 14:52:13] "POST /commands/ HTTP/1.1" 200 2
[28/Sep/2018 14:52:18] "POST /commands/ HTTP/1.1" 200 2
[28/Sep/2018 14:52:19] "POST /commands/ HTTP/1.1" 200 2
[28/Sep/2018 14:52:21] "POST /commands/ HTTP/1.1" 200 2
[28/Sep/2018 14:52:21] "POST /commands/ HTTP/1.1" 200 2
[28/Sep/2018 14:52:22] "POST /commands/ HTTP/1.1" 200 2
[28/Sep/2018 14:52:24] "POST /commands/ HTTP/1.1" 200 2
[28/Sep/2018 14:52:25] "POST /commands/ HTTP/1.1" 200 2
[28/Sep/2018 14:52:27] "POST /commands/ HTTP/1.1" 200 2
[28/Sep/2018 14:52:27] "POST /commands/ HTTP/1.1" 200 2
[28/Sep/2018 14:52:31] "POST /commands/ HTTP/1.1" 200 2
[28/Sep/2018 14:52:33] "POST /commands/ HTTP/1.1" 200 2
[28/Sep/2018 14:52:33] "POST /commands/ HTTP/1.1" 200 2
[28/Sep/2018 14:52:36] "POST /commands/ HTTP/1.1" 200 2
[28/Sep/2018 14:52:37] "POST /commands/ HTTP/1.1" 200 2
[28/Sep/2018 14:52:38] "POST /commands/ HTTP/1.1" 200 2
[28/Sep/2018 14:52:39] "POST /commands/ HTTP/1.1" 200 2
[28/Sep/2018 14:52:40] "POST /commands/ HTTP/1.1" 200 2
[28/Sep/2018 14:52:42] "POST /commands/ HTTP/1.1" 200 2
[28/Sep/2018 14:52:43] "POST /commands/ HTTP/1.1" 200 2
[28/Sep/2018 14:52:44] "POST /commands/ HTTP/1.1" 200 2
[28/Sep/2018 14:52:45] "POST /commands/ HTTP/1.1" 200 2
[28/Sep/2018 14:52:45] "POST /commands/ HTTP/1.1" 200 2
[28/Sep/2018 14:52:47] "POST /commands/ HTTP/1.1" 200 2
[28/Sep/2018 14:52:47] "POST /commands/ HTTP/1.1" 200 2
[28/Sep/2018 14:52:48] "POST /commands/ HTTP/1.1" 200 2
[28/Sep/2018 14:52:49] "POST /commands/ HTTP/1.1" 200 2
[28/Sep/2018 14:52:50] "POST /commands/ HTTP/1.1" 200 2
[28/Sep/2018 14:52:51] "POST /commands/ HTTP/1.1" 200 2
[28/Sep/2018 14:52:52] "POST /commands/ HTTP/1.1" 200 2
[28/Sep/2018 14:52:53] "POST /commands/ HTTP/1.1" 200 2
[28/Sep/2018 14:52:54] "POST /commands/ HTTP/1.1" 200 2
[28/Sep/2018 14:52:55] "POST /commands/ HTTP/1.1" 200 2
[28/Sep/2018 14:52:56] "POST /commands/ HTTP/1.1" 200 2
[28/Sep/2018 14:52:56] "POST /commands/ HTTP/1.1" 200 2
[28/Sep/2018 14:52:57] "POST /commands/ HTTP/1.1" 200 2
[28/Sep/2018 14:52:58] "POST /commands/ HTTP/1.1" 200 2
[28/Sep/2018 14:52:59] "POST /commands/ HTTP/1.1" 200 2
[28/Sep/2018 14:53:00] "POST /commands/ HTTP/1.1" 200 2
[28/Sep/2018 14:53:01] "POST /commands/ HTTP/1.1" 200 2
[28/Sep/2018 14:53:02] "POST /commands/ HTTP/1.1" 200 2
[28/Sep/2018 14:53:03] "POST /commands/ HTTP/1.1" 200 2
[28/Sep/2018 14:53:04] "POST /commands/ HTTP/1.1" 200 2
[28/Sep/2018 14:53:05] "POST /commands/ HTTP/1.1" 200 2
[28/Sep/2018 14:53:06] "POST /commands/ HTTP/1.1" 200 2
[28/Sep/2018 14:53:07] "POST /commands/ HTTP/1.1" 200 2
[28/Sep/2018 14:53:07] "POST /commands/ HTTP/1.1" 200 2
[28/Sep/2018 14:53:08] "POST /commands/ HTTP/1.1" 200 2
[28/Sep/2018 14:53:09] "POST /commands/ HTTP/1.1" 200 2
[28/Sep/2018 14:53:10] "POST /commands/ HTTP/1.1" 200 2
[28/Sep/2018 14:53:12] "POST /commands/ HTTP/1.1" 200 2
[28/Sep/2018 14:53:12] "POST /commands/ HTTP/1.1" 200 2
[28/Sep/2018 14:53:13] "POST /commands/ HTTP/1.1" 200 2
[28/Sep/2018 14:53:13] "POST /commands/ HTTP/1.1" 200 2
[28/Sep/2018 14:53:14] "POST /commands/ HTTP/1.1" 200 2
[28/Sep/2018 14:53:16] "POST /commands/ HTTP/1.1" 200 2
[28/Sep/2018 14:53:17] "POST /commands/ HTTP/1.1" 200 2
[28/Sep/2018 14:53:18] "POST /commands/ HTTP/1.1" 200 2
[28/Sep/2018 14:53:19] "POST /commands/ HTTP/1.1" 200 2
[28/Sep/2018 14:53:20] "POST /commands/ HTTP/1.1" 200 2
[28/Sep/2018 14:53:20] "POST /commands/ HTTP/1.1" 200 2
[28/Sep/2018 14:53:21] "POST /commands/ HTTP/1.1" 200 2
[28/Sep/2018 14:53:21] "POST /commands/ HTTP/1.1" 200 2
[28/Sep/2018 14:53:22] "POST /commands/ HTTP/1.1" 200 2
[28/Sep/2018 14:53:22] "POST /commands/ HTTP/1.1" 200 2
[28/Sep/2018 14:53:23] "POST /commands/ HTTP/1.1" 200 2
[28/Sep/2018 14:53:24] "POST /commands/ HTTP/1.1" 200 2
[28/Sep/2018 14:53:24] "POST /commands/ HTTP/1.1" 200 2
[28/Sep/2018 14:53:25] "POST /commands/ HTTP/1.1" 200 2
[28/Sep/2018 14:53:27] "POST /commands/ HTTP/1.1" 200 2
[28/Sep/2018 14:53:27] "POST /commands/ HTTP/1.1" 200 2
[28/Sep/2018 14:53:32] "POST /commands/ HTTP/1.1" 200 2
[28/Sep/2018 14:53:34] "POST /commands/ HTTP/1.1" 200 2
[28/Sep/2018 14:53:37] "POST /commands/ HTTP/1.1" 200 2
[28/Sep/2018 14:53:40] "POST /commands/ HTTP/1.1" 200 2
[28/Sep/2018 14:53:42] "POST /commands/ HTTP/1.1" 200 2
[28/Sep/2018 14:53:45] "POST /commands/ HTTP/1.1" 200 2
[28/Sep/2018 14:53:47] "POST /commands/ HTTP/1.1" 200 2
[28/Sep/2018 14:53:48] "POST /commands/ HTTP/1.1" 200 2
[28/Sep/2018 14:53:50] "POST /commands/ HTTP/1.1" 200 2
  File "manage.py", line 14
    ) from exc
         ^
SyntaxError: invalid syntax
[01/Oct/2018 07:05:05] "GET / HTTP/1.1" 200 16288
[01/Oct/2018 07:05:05] "GET /static/css/trains.css HTTP/1.1" 304 0
[01/Oct/2018 07:05:05] "GET /media/s-l500.png HTTP/1.1" 304 0
[01/Oct/2018 07:05:05] "GET /static/js/cursor.js HTTP/1.1" 304 0
[01/Oct/2018 07:05:05] "GET /media/45986.jpg HTTP/1.1" 304 0
[01/Oct/2018 07:05:05] "GET /static/js/colorpicker/jquery.colorpicker.js HTTP/1.1" 304 0
[01/Oct/2018 07:05:05] "GET /static/js/buttons/buttonHandler.js HTTP/1.1" 304 0
[01/Oct/2018 07:05:06] "POST /commands/ HTTP/1.1" 200 2
[01/Oct/2018 07:05:11] "POST /commands/ HTTP/1.1" 200 2
[01/Oct/2018 07:05:13] "POST /commands/ HTTP/1.1" 200 2
[01/Oct/2018 07:05:14] "POST /commands/ HTTP/1.1" 200 2
[01/Oct/2018 07:05:16] "POST /commands/ HTTP/1.1" 200 2
[01/Oct/2018 07:05:17] "POST /commands/ HTTP/1.1" 200 2
[01/Oct/2018 07:05:18] "POST /commands/ HTTP/1.1" 200 2
[01/Oct/2018 07:05:19] "POST /commands/ HTTP/1.1" 200 2
[01/Oct/2018 07:05:20] "POST /commands/ HTTP/1.1" 200 2
[01/Oct/2018 07:05:21] "POST /commands/ HTTP/1.1" 200 2
[01/Oct/2018 07:05:23] "POST /commands/ HTTP/1.1" 200 2
[01/Oct/2018 07:05:24] "POST /commands/ HTTP/1.1" 200 2
[01/Oct/2018 07:05:25] "POST /commands/ HTTP/1.1" 200 2
[01/Oct/2018 07:05:26] "POST /commands/ HTTP/1.1" 200 2
[01/Oct/2018 07:05:27] "POST /commands/ HTTP/1.1" 200 2
[01/Oct/2018 07:05:29] "POST /commands/ HTTP/1.1" 200 2
[01/Oct/2018 07:05:30] "POST /commands/ HTTP/1.1" 200 2
[01/Oct/2018 07:05:32] "POST /commands/ HTTP/1.1" 200 2
[01/Oct/2018 07:05:32] "POST /commands/ HTTP/1.1" 200 2
[01/Oct/2018 07:05:34] "POST /commands/ HTTP/1.1" 200 2
[01/Oct/2018 07:05:34] "POST /commands/ HTTP/1.1" 200 2
[01/Oct/2018 07:05:35] "POST /commands/ HTTP/1.1" 200 2
[01/Oct/2018 07:05:36] "POST /commands/ HTTP/1.1" 200 2
[01/Oct/2018 07:05:36] "POST /commands/ HTTP/1.1" 200 2
[01/Oct/2018 07:05:37] "POST /commands/ HTTP/1.1" 200 2
[01/Oct/2018 07:05:38] "POST /commands/ HTTP/1.1" 200 2
[01/Oct/2018 07:05:39] "POST /commands/ HTTP/1.1" 200 2
[01/Oct/2018 07:05:40] "POST /commands/ HTTP/1.1" 200 2
[01/Oct/2018 07:05:40] "POST /commands/ HTTP/1.1" 200 2
[01/Oct/2018 07:05:41] "POST /commands/ HTTP/1.1" 200 2
[01/Oct/2018 07:05:41] "POST /commands/ HTTP/1.1" 200 2
[01/Oct/2018 07:05:44] "POST /commands/ HTTP/1.1" 200 2
[01/Oct/2018 07:05:47] "POST /commands/ HTTP/1.1" 200 2
[01/Oct/2018 07:32:06] "POST /commands/ HTTP/1.1" 200 2
[01/Oct/2018 07:32:08] "POST /commands/ HTTP/1.1" 200 2
[01/Oct/2018 07:32:09] "POST /commands/ HTTP/1.1" 200 2
[01/Oct/2018 07:32:10] "POST /commands/ HTTP/1.1" 200 2
[01/Oct/2018 07:32:11] "POST /commands/ HTTP/1.1" 200 2
[01/Oct/2018 07:32:15] "POST /commands/ HTTP/1.1" 200 2
[01/Oct/2018 07:32:16] "POST /commands/ HTTP/1.1" 200 2
[01/Oct/2018 07:32:17] "POST /commands/ HTTP/1.1" 200 2
[01/Oct/2018 07:32:18] "POST /commands/ HTTP/1.1" 200 2
[01/Oct/2018 07:34:08] "POST /commands/ HTTP/1.1" 200 2
[01/Oct/2018 07:34:09] "POST /commands/ HTTP/1.1" 200 2
[01/Oct/2018 07:34:11] "POST /commands/ HTTP/1.1" 200 2
[01/Oct/2018 07:34:12] "POST /commands/ HTTP/1.1" 200 2
[01/Oct/2018 07:34:15] "POST /commands/ HTTP/1.1" 200 2
[01/Oct/2018 07:40:04] "GET / HTTP/1.1" 200 16288
[01/Oct/2018 07:40:04] "GET /static/css/trains.css HTTP/1.1" 200 893
[01/Oct/2018 07:40:04] "GET /static/js/cursor.js HTTP/1.1" 200 3263
[01/Oct/2018 07:40:04] "GET /static/js/colorpicker/jquery.colorpicker.js HTTP/1.1" 200 14441
[01/Oct/2018 07:40:04] "GET /static/js/buttons/buttonHandler.js HTTP/1.1" 200 373
[01/Oct/2018 07:40:04] "GET /media/s-l500.png HTTP/1.1" 200 242048
[01/Oct/2018 07:40:06] "GET /media/45986.jpg HTTP/1.1" 200 109074
[01/Oct/2018 07:40:07] "POST /commands/ HTTP/1.1" 200 2
Not Found: /favicon.ico
[01/Oct/2018 07:40:07] "GET /favicon.ico HTTP/1.1" 404 2618
[01/Oct/2018 07:40:47] "GET /media/jquery.colorpicker.slider_cursor.png HTTP/1.1" 200 461
[01/Oct/2018 07:40:47] "GET /media/jquery.colorpicker.wheel_cursor.png HTTP/1.1" 200 388
[01/Oct/2018 07:40:47] "GET /media/jquery.colorpicker.slider.png HTTP/1.1" 200 380
[01/Oct/2018 07:40:47] "GET /media/jquery.colorpicker.wheel_mask.png HTTP/1.1" 200 3892
[01/Oct/2018 07:40:47] "GET /media/jquery.colorpicker.wheel.png HTTP/1.1" 200 24882
[01/Oct/2018 07:40:49] "POST /commands/ HTTP/1.1" 200 2
[01/Oct/2018 07:40:50] "POST /commands/ HTTP/1.1" 200 2
[01/Oct/2018 07:40:51] "POST /commands/ HTTP/1.1" 200 2
[01/Oct/2018 07:40:52] "POST /commands/ HTTP/1.1" 200 2
[01/Oct/2018 07:46:30] "GET / HTTP/1.1" 200 16288
[01/Oct/2018 07:46:30] "POST /commands/ HTTP/1.1" 200 2
[01/Oct/2018 07:46:52] "POST /commands/ HTTP/1.1" 200 2
[01/Oct/2018 07:46:53] "POST /commands/ HTTP/1.1" 200 2
[01/Oct/2018 07:47:09] "GET / HTTP/1.1" 200 16288
[01/Oct/2018 07:47:10] "GET /static/css/trains.css HTTP/1.1" 200 893
[01/Oct/2018 07:47:10] "GET /static/js/cursor.js HTTP/1.1" 200 3263
[01/Oct/2018 07:47:10] "GET /static/js/colorpicker/jquery.colorpicker.js HTTP/1.1" 200 14441
[01/Oct/2018 07:47:10] "GET /static/js/buttons/buttonHandler.js HTTP/1.1" 200 373
[01/Oct/2018 07:47:11] "GET /media/45986.jpg HTTP/1.1" 200 109074
[01/Oct/2018 07:47:11] "GET /media/s-l500.png HTTP/1.1" 200 242048
[01/Oct/2018 07:47:11] "POST /commands/ HTTP/1.1" 200 2
Not Found: /favicon.ico
[01/Oct/2018 07:47:11] "GET /favicon.ico HTTP/1.1" 404 2618
Not Found: /favicon.ico
[01/Oct/2018 07:47:11] "GET /favicon.ico HTTP/1.1" 404 2618
[01/Oct/2018 07:47:21] "GET /media/jquery.colorpicker.wheel.png HTTP/1.1" 200 24882
[01/Oct/2018 07:47:21] "GET /media/jquery.colorpicker.slider.png HTTP/1.1" 200 380
[01/Oct/2018 07:47:21] "GET /media/jquery.colorpicker.wheel_mask.png HTTP/1.1" 200 3892
[01/Oct/2018 07:47:21] "GET /media/jquery.colorpicker.wheel_cursor.png HTTP/1.1" 200 388
[01/Oct/2018 07:47:21] "GET /media/jquery.colorpicker.slider_cursor.png HTTP/1.1" 200 461
[01/Oct/2018 07:47:26] "POST /commands/ HTTP/1.1" 200 2
[01/Oct/2018 07:47:26] "POST /commands/ HTTP/1.1" 200 2
[01/Oct/2018 07:47:28] "POST /commands/ HTTP/1.1" 200 2
[01/Oct/2018 07:47:29] "POST /commands/ HTTP/1.1" 200 2
[01/Oct/2018 07:47:34] "POST /commands/ HTTP/1.1" 200 2
[01/Oct/2018 07:47:34] "POST /commands/ HTTP/1.1" 200 2
[01/Oct/2018 07:47:36] "POST /commands/ HTTP/1.1" 200 2
[01/Oct/2018 07:47:37] "POST /commands/ HTTP/1.1" 200 2
[01/Oct/2018 07:47:39] "POST /commands/ HTTP/1.1" 200 2
[01/Oct/2018 07:47:41] "POST /commands/ HTTP/1.1" 200 2
[01/Oct/2018 07:47:41] "POST /commands/ HTTP/1.1" 200 2
[01/Oct/2018 07:47:42] "POST /commands/ HTTP/1.1" 200 2
[01/Oct/2018 07:47:42] "POST /commands/ HTTP/1.1" 200 2
[01/Oct/2018 07:47:44] "POST /commands/ HTTP/1.1" 200 2
[01/Oct/2018 07:47:44] "POST /commands/ HTTP/1.1" 200 2
[01/Oct/2018 07:47:45] "POST /commands/ HTTP/1.1" 200 2
[01/Oct/2018 07:47:47] "POST /commands/ HTTP/1.1" 200 2
[01/Oct/2018 07:47:48] "POST /commands/ HTTP/1.1" 200 2
[01/Oct/2018 07:47:51] "POST /commands/ HTTP/1.1" 200 2
[01/Oct/2018 07:47:57] "POST /commands/ HTTP/1.1" 200 2
[01/Oct/2018 07:47:59] "POST /commands/ HTTP/1.1" 200 2
[01/Oct/2018 07:48:07] "POST /commands/ HTTP/1.1" 200 2
[01/Oct/2018 07:48:08] "POST /commands/ HTTP/1.1" 200 2
[01/Oct/2018 07:48:09] "POST /commands/ HTTP/1.1" 200 2
[01/Oct/2018 07:48:10] "POST /commands/ HTTP/1.1" 200 2
[01/Oct/2018 07:48:12] "POST /commands/ HTTP/1.1" 200 2
[01/Oct/2018 07:48:12] "POST /commands/ HTTP/1.1" 200 2
[01/Oct/2018 07:48:13] "POST /commands/ HTTP/1.1" 200 2
[01/Oct/2018 07:48:14] "POST /commands/ HTTP/1.1" 200 2
[01/Oct/2018 07:48:16] "POST /commands/ HTTP/1.1" 200 2
[01/Oct/2018 07:48:17] "POST /commands/ HTTP/1.1" 200 2
[01/Oct/2018 07:48:17] "POST /commands/ HTTP/1.1" 200 2
[01/Oct/2018 07:52:57] "GET /trains/ HTTP/1.1" 200 2648
[01/Oct/2018 07:52:57] "GET /admin/ HTTP/1.1" 200 7069
[01/Oct/2018 07:52:57] "GET /static/admin/css/base.css HTTP/1.1" 200 16225
[01/Oct/2018 07:52:57] "GET /static/admin/css/responsive.css HTTP/1.1" 200 17976
[01/Oct/2018 07:52:57] "GET /static/admin/css/dashboard.css HTTP/1.1" 200 412
[01/Oct/2018 07:52:58] "GET /static/admin/css/fonts.css HTTP/1.1" 200 423
Not Found: /favicon.ico
[01/Oct/2018 07:52:58] "GET /favicon.ico HTTP/1.1" 404 2618
[01/Oct/2018 07:52:58] "GET /static/admin/img/icon-addlink.svg HTTP/1.1" 200 331
[01/Oct/2018 07:52:58] "GET /static/admin/fonts/Roboto-Light-webfont.woff HTTP/1.1" 200 81348
[01/Oct/2018 07:52:58] "GET /static/admin/fonts/Roboto-Bold-webfont.woff HTTP/1.1" 200 82564
Not Found: /favicon.ico
[01/Oct/2018 07:52:58] "GET /favicon.ico HTTP/1.1" 404 2618
[01/Oct/2018 07:52:58] "GET /static/admin/fonts/Roboto-Regular-webfont.woff HTTP/1.1" 200 80304
[01/Oct/2018 07:52:58] "GET /static/admin/img/icon-changelink.svg HTTP/1.1" 200 380
[01/Oct/2018 08:14:24] "GET / HTTP/1.1" 200 16288
[01/Oct/2018 08:14:25] "POST /commands/ HTTP/1.1" 200 2
[01/Oct/2018 08:14:28] "POST /commands/ HTTP/1.1" 200 2
[01/Oct/2018 08:14:30] "POST /commands/ HTTP/1.1" 200 2
[01/Oct/2018 08:14:31] "POST /commands/ HTTP/1.1" 200 2
[01/Oct/2018 08:14:32] "POST /commands/ HTTP/1.1" 200 2
[01/Oct/2018 08:14:33] "POST /commands/ HTTP/1.1" 200 2
[01/Oct/2018 08:14:34] "POST /commands/ HTTP/1.1" 200 2
[01/Oct/2018 08:14:35] "POST /commands/ HTTP/1.1" 200 2
[01/Oct/2018 08:17:20] "POST /commands/ HTTP/1.1" 200 2
[01/Oct/2018 08:17:20] "POST /commands/ HTTP/1.1" 200 2
[01/Oct/2018 08:17:21] "POST /commands/ HTTP/1.1" 200 2
[01/Oct/2018 08:17:23] "POST /commands/ HTTP/1.1" 200 2
[01/Oct/2018 08:17:23] "POST /commands/ HTTP/1.1" 200 2
[01/Oct/2018 08:17:24] "POST /commands/ HTTP/1.1" 200 2
[01/Oct/2018 08:17:25] "POST /commands/ HTTP/1.1" 200 2
[01/Oct/2018 08:17:27] "POST /commands/ HTTP/1.1" 200 2
[01/Oct/2018 08:17:28] "POST /commands/ HTTP/1.1" 200 2
[01/Oct/2018 08:17:29] "POST /commands/ HTTP/1.1" 200 2
[01/Oct/2018 08:17:30] "POST /commands/ HTTP/1.1" 200 2
[01/Oct/2018 08:17:33] "POST /commands/ HTTP/1.1" 200 2
[01/Oct/2018 08:17:35] "POST /commands/ HTTP/1.1" 200 2
[01/Oct/2018 08:17:35] "POST /commands/ HTTP/1.1" 200 2
[01/Oct/2018 08:17:37] "POST /commands/ HTTP/1.1" 200 2
[01/Oct/2018 08:17:39] "POST /commands/ HTTP/1.1" 200 2
[01/Oct/2018 08:17:39] "POST /commands/ HTTP/1.1" 200 2
[01/Oct/2018 08:17:41] "POST /commands/ HTTP/1.1" 200 2
[01/Oct/2018 08:17:41] "POST /commands/ HTTP/1.1" 200 2
[01/Oct/2018 08:17:42] "POST /commands/ HTTP/1.1" 200 2
[01/Oct/2018 08:17:43] "POST /commands/ HTTP/1.1" 200 2
